{
  "RSpec": {
    "coverage": {
      "/Users/bgann21/Turing/2module/challenges/polished-moon-6860/config/environment.rb": {
        "lines": [
          null,
          1,
          null,
          null,
          1
        ]
      },
      "/Users/bgann21/Turing/2module/challenges/polished-moon-6860/config/application.rb": {
        "lines": [
          1,
          null,
          1,
          null,
          1,
          1,
          1,
          1,
          1,
          1,
          1,
          1,
          1,
          null,
          null,
          null,
          null,
          1,
          null,
          1,
          1,
          null,
          1,
          null,
          null,
          null,
          null,
          null,
          null,
          null,
          1,
          null,
          null
        ]
      },
      "/Users/bgann21/Turing/2module/challenges/polished-moon-6860/config/boot.rb": {
        "lines": [
          1,
          null,
          1,
          1
        ]
      },
      "/Users/bgann21/Turing/2module/challenges/polished-moon-6860/config/environments/test.rb": {
        "lines": [
          1,
          null,
          null,
          null,
          null,
          null,
          null,
          1,
          null,
          null,
          null,
          null,
          1,
          null,
          null,
          1,
          1,
          null,
          null,
          null,
          null,
          1,
          1,
          null,
          null,
          1,
          null,
          null,
          1,
          null,
          null,
          1,
          null,
          1,
          null,
          null,
          null,
          null,
          1,
          null,
          null,
          1,
          null,
          null,
          null,
          null
        ]
      },
      "/Users/bgann21/Turing/2module/challenges/polished-moon-6860/config/initializers/application_controller_renderer.rb": {
        "lines": [
          null,
          null,
          null,
          null,
          null,
          null,
          null,
          null
        ]
      },
      "/Users/bgann21/Turing/2module/challenges/polished-moon-6860/config/initializers/assets.rb": {
        "lines": [
          null,
          null,
          null,
          1,
          null,
          null,
          null,
          null,
          1,
          null,
          null,
          null,
          null,
          null
        ]
      },
      "/Users/bgann21/Turing/2module/challenges/polished-moon-6860/config/initializers/backtrace_silencers.rb": {
        "lines": [
          null,
          null,
          null,
          null,
          null,
          null,
          null
        ]
      },
      "/Users/bgann21/Turing/2module/challenges/polished-moon-6860/config/initializers/content_security_policy.rb": {
        "lines": [
          null,
          null,
          null,
          null,
          null,
          null,
          null,
          null,
          null,
          null,
          null,
          null,
          null,
          null,
          null,
          null,
          null,
          null,
          null,
          null,
          null,
          null,
          null,
          null,
          null
        ]
      },
      "/Users/bgann21/Turing/2module/challenges/polished-moon-6860/config/initializers/cookies_serializer.rb": {
        "lines": [
          null,
          null,
          null,
          null,
          1
        ]
      },
      "/Users/bgann21/Turing/2module/challenges/polished-moon-6860/config/initializers/filter_parameter_logging.rb": {
        "lines": [
          null,
          null,
          null,
          1
        ]
      },
      "/Users/bgann21/Turing/2module/challenges/polished-moon-6860/config/initializers/inflections.rb": {
        "lines": [
          null,
          null,
          null,
          null,
          null,
          null,
          null,
          null,
          null,
          null,
          null,
          null,
          null,
          null,
          null,
          null
        ]
      },
      "/Users/bgann21/Turing/2module/challenges/polished-moon-6860/config/initializers/mime_types.rb": {
        "lines": [
          null,
          null,
          null,
          null
        ]
      },
      "/Users/bgann21/Turing/2module/challenges/polished-moon-6860/config/initializers/wrap_parameters.rb": {
        "lines": [
          null,
          null,
          null,
          null,
          null,
          null,
          1,
          2,
          null,
          null,
          null,
          null,
          null,
          null
        ]
      },
      "/Users/bgann21/Turing/2module/challenges/polished-moon-6860/config/routes.rb": {
        "lines": [
          1,
          null,
          null
        ]
      },
      "/Users/bgann21/Turing/2module/challenges/polished-moon-6860/app/helpers/application_helper.rb": {
        "lines": [
          1,
          null
        ]
      },
      "/Users/bgann21/Turing/2module/challenges/polished-moon-6860/spec/models/manufacturer_item_spec.rb": {
        "lines": [
          1,
          null,
          0,
          0,
          0,
          0,
          null,
          null
        ]
      },
      "/Users/bgann21/Turing/2module/challenges/polished-moon-6860/spec/rails_helper.rb": {
        "lines": [
          1,
          1,
          null,
          1,
          1,
          1,
          null,
          1,
          1,
          null,
          null,
          null,
          null,
          null,
          null,
          null,
          null,
          null,
          null,
          null,
          null,
          null,
          null,
          null,
          null,
          null,
          null,
          null,
          null,
          1,
          null,
          0,
          0,
          null,
          0,
          null,
          0,
          null,
          null,
          null,
          null,
          0,
          null,
          null,
          null,
          null,
          null,
          null,
          null,
          null,
          null,
          null,
          null,
          null,
          null,
          null,
          null,
          null,
          null,
          0,
          null,
          null,
          0,
          null,
          null,
          null,
          0,
          0,
          0,
          0,
          null,
          null
        ]
      },
      "/Users/bgann21/Turing/2module/challenges/polished-moon-6860/spec/models/manufacturer_spec.rb": {
        "lines": [
          1,
          null,
          0,
          0,
          0,
          0,
          null,
          null,
          0,
          0,
          0,
          null,
          null,
          null
        ]
      },
      "/Users/bgann21/Turing/2module/challenges/polished-moon-6860/spec/models/project_spec.rb": {
        "lines": [
          1,
          null,
          0,
          0,
          0,
          0,
          null,
          null,
          0,
          0,
          null,
          null
        ]
      }
    },
    "timestamp": 1648998574
  }
}
