{
  "RSpec": {
    "coverage": {
      "/Users/susanboyd/turing/2module/3week/polished-moon-6860/config/environment.rb": {
        "lines": [
          null,
          1,
          null,
          null,
          1
        ]
      },
      "/Users/susanboyd/turing/2module/3week/polished-moon-6860/config/application.rb": {
        "lines": [
          1,
          null,
          1,
          null,
          1,
          1,
          1,
          1,
          1,
          1,
          1,
          1,
          1,
          null,
          null,
          null,
          null,
          1,
          null,
          1,
          1,
          null,
          1,
          null,
          null,
          null,
          null,
          null,
          null,
          null,
          1,
          null,
          null
        ]
      },
      "/Users/susanboyd/turing/2module/3week/polished-moon-6860/config/boot.rb": {
        "lines": [
          1,
          null,
          1,
          1
        ]
      },
      "/Users/susanboyd/turing/2module/3week/polished-moon-6860/config/environments/test.rb": {
        "lines": [
          1,
          null,
          null,
          null,
          null,
          null,
          null,
          1,
          null,
          null,
          null,
          null,
          1,
          null,
          null,
          1,
          1,
          null,
          null,
          null,
          null,
          1,
          1,
          null,
          null,
          1,
          null,
          null,
          1,
          null,
          null,
          1,
          null,
          1,
          null,
          null,
          null,
          null,
          1,
          null,
          null,
          1,
          null,
          null,
          null,
          null
        ]
      },
      "/Users/susanboyd/turing/2module/3week/polished-moon-6860/config/initializers/application_controller_renderer.rb": {
        "lines": [
          null,
          null,
          null,
          null,
          null,
          null,
          null,
          null
        ]
      },
      "/Users/susanboyd/turing/2module/3week/polished-moon-6860/config/initializers/assets.rb": {
        "lines": [
          null,
          null,
          null,
          1,
          null,
          null,
          null,
          null,
          1,
          null,
          null,
          null,
          null,
          null
        ]
      },
      "/Users/susanboyd/turing/2module/3week/polished-moon-6860/config/initializers/backtrace_silencers.rb": {
        "lines": [
          null,
          null,
          null,
          null,
          null,
          null,
          null
        ]
      },
      "/Users/susanboyd/turing/2module/3week/polished-moon-6860/config/initializers/content_security_policy.rb": {
        "lines": [
          null,
          null,
          null,
          null,
          null,
          null,
          null,
          null,
          null,
          null,
          null,
          null,
          null,
          null,
          null,
          null,
          null,
          null,
          null,
          null,
          null,
          null,
          null,
          null,
          null
        ]
      },
      "/Users/susanboyd/turing/2module/3week/polished-moon-6860/config/initializers/cookies_serializer.rb": {
        "lines": [
          null,
          null,
          null,
          null,
          1
        ]
      },
      "/Users/susanboyd/turing/2module/3week/polished-moon-6860/config/initializers/filter_parameter_logging.rb": {
        "lines": [
          null,
          null,
          null,
          1
        ]
      },
      "/Users/susanboyd/turing/2module/3week/polished-moon-6860/config/initializers/inflections.rb": {
        "lines": [
          null,
          null,
          null,
          null,
          null,
          null,
          null,
          null,
          null,
          null,
          null,
          null,
          null,
          null,
          null,
          null
        ]
      },
      "/Users/susanboyd/turing/2module/3week/polished-moon-6860/config/initializers/mime_types.rb": {
        "lines": [
          null,
          null,
          null,
          null
        ]
      },
      "/Users/susanboyd/turing/2module/3week/polished-moon-6860/config/initializers/wrap_parameters.rb": {
        "lines": [
          null,
          null,
          null,
          null,
          null,
          null,
          1,
          2,
          null,
          null,
          null,
          null,
          null,
          null
        ]
      },
      "/Users/susanboyd/turing/2module/3week/polished-moon-6860/config/routes.rb": {
        "lines": [
          1,
          null,
          1,
          1,
          1,
          null
        ]
      },
      "/Users/susanboyd/turing/2module/3week/polished-moon-6860/app/helpers/application_helper.rb": {
        "lines": [
          1,
          null
        ]
      },
      "/Users/susanboyd/turing/2module/3week/polished-moon-6860/spec/features/manufacturers/index_spec.rb": {
        "lines": [
          1,
          null,
          1,
          1,
          1,
          1,
          1,
          null,
          1,
          null,
          1,
          1,
          1,
          1,
          1,
          null,
          1,
          1,
          1,
          1,
          1,
          1,
          1,
          null,
          null,
          1,
          1,
          1,
          3,
          null,
          null,
          1,
          1,
          1,
          1,
          null,
          null,
          1,
          1,
          1,
          1,
          1,
          null,
          null,
          null
        ]
      },
      "/Users/susanboyd/turing/2module/3week/polished-moon-6860/spec/features/projects/show_spec.rb": {
        "lines": [
          1,
          null,
          1,
          1,
          1,
          1,
          null,
          1,
          1,
          1,
          1,
          1,
          1,
          null,
          null,
          1,
          null,
          1,
          1,
          1,
          1,
          1,
          null,
          1,
          1,
          1,
          1,
          1,
          null,
          null
        ]
      },
      "/Users/susanboyd/turing/2module/3week/polished-moon-6860/spec/models/item_spec.rb": {
        "lines": [
          1,
          null,
          1,
          1,
          2,
          2,
          null,
          null,
          1,
          2,
          2,
          2,
          null,
          null,
          1,
          1,
          1,
          null,
          1,
          1,
          1,
          null,
          1,
          1,
          1,
          null,
          1,
          1,
          1,
          1,
          1,
          null,
          null,
          1,
          1,
          1,
          1,
          null,
          null,
          null,
          null
        ]
      },
      "/Users/susanboyd/turing/2module/3week/polished-moon-6860/app/models/item.rb": {
        "lines": [
          1,
          1,
          1,
          1,
          1,
          null,
          1,
          8,
          null,
          null,
          null
        ]
      },
      "/Users/susanboyd/turing/2module/3week/polished-moon-6860/app/models/application_record.rb": {
        "lines": [
          1,
          1,
          null
        ]
      },
      "/Users/susanboyd/turing/2module/3week/polished-moon-6860/spec/models/manufacturer_item_spec.rb": {
        "lines": [
          1,
          null,
          1,
          1,
          2,
          2,
          null,
          null
        ]
      },
      "/Users/susanboyd/turing/2module/3week/polished-moon-6860/app/models/manufacturer_item.rb": {
        "lines": [
          1,
          1,
          1,
          null
        ]
      },
      "/Users/susanboyd/turing/2module/3week/polished-moon-6860/spec/models/manufacturer_spec.rb": {
        "lines": [
          1,
          null,
          1,
          1,
          2,
          2,
          null,
          null,
          1,
          2,
          2,
          null,
          null,
          null
        ]
      },
      "/Users/susanboyd/turing/2module/3week/polished-moon-6860/app/models/manufacturer.rb": {
        "lines": [
          1,
          1,
          1,
          1,
          null
        ]
      },
      "/Users/susanboyd/turing/2module/3week/polished-moon-6860/spec/models/project_spec.rb": {
        "lines": [
          1,
          null,
          1,
          1,
          2,
          2,
          null,
          null,
          1,
          2,
          null,
          null,
          1,
          1,
          1,
          1,
          null,
          1,
          1,
          1,
          1,
          1,
          1,
          null,
          null,
          1,
          1,
          1,
          null,
          null,
          null,
          null
        ]
      },
      "/Users/susanboyd/turing/2module/3week/polished-moon-6860/app/models/project.rb": {
        "lines": [
          1,
          1,
          1,
          null,
          1,
          4,
          null,
          null,
          null
        ]
      },
      "/Users/susanboyd/turing/2module/3week/polished-moon-6860/app/controllers/items_controller.rb": {
        "lines": [
          1,
          null,
          1,
          5,
          5,
          null,
          null,
          null
        ]
      },
      "/Users/susanboyd/turing/2module/3week/polished-moon-6860/app/controllers/application_controller.rb": {
        "lines": [
          1,
          null
        ]
      },
      "/Users/susanboyd/turing/2module/3week/polished-moon-6860/app/controllers/manufacturers_controller.rb": {
        "lines": [
          1,
          null,
          1,
          1,
          null,
          null
        ]
      },
      "/Users/susanboyd/turing/2module/3week/polished-moon-6860/app/controllers/projects_controller.rb": {
        "lines": [
          1,
          null,
          1,
          2,
          null,
          null
        ]
      }
    },
    "timestamp": 1649166323
  }
}
